# JRE version: OpenJDK Runtime Environment (11.0.13) (build 11.0.13+0-b1751.21-8125866)
# Java VM: OpenJDK 64-Bit Server VM (11.0.13+0-b1751.21-8125866, mixed mode, tiered, compressed oops, g1 gc, windows-amd64)
Heap:
 garbage-first heap   total 395264K, used 245464K [0x0000000080000000, 0x0000000100000000)
  region size 1024K, 45 young (46080K), 1 survivors (1024K)
 Metaspace       used 139132K, capacity 143900K, committed 144636K, reserved 1175552K
  class space    used 17567K, capacity 19291K, committed 19584K, reserved 1048576K
GC Heap History (20 events):
Event: 59.830 GC heap before
{Heap before GC invocations=71 (full 0):
 garbage-first heap   total 395264K, used 320501K [0x0000000080000000, 0x0000000100000000)
  region size 1024K, 154 young (157696K), 5 survivors (5120K)
 Metaspace       used 106472K, capacity 109227K, committed 109436K, reserved 1144832K
  class space    used 13491K, capacity 14501K, committed 14592K, reserved 1048576K
}
Event: 59.840 GC heap after
{Heap after GC invocations=72 (full 0):
 garbage-first heap   total 395264K, used 175245K [0x0000000080000000, 0x0000000100000000)
  region size 1024K, 11 young (11264K), 11 survivors (11264K)
 Metaspace       used 106472K, capacity 109227K, committed 109436K, reserved 1144832K
  class space    used 13491K, capacity 14501K, committed 14592K, reserved 1048576K
}
Event: 189.730 GC heap before
{Heap before GC invocations=72 (full 0):
 garbage-first heap   total 395264K, used 324749K [0x0000000080000000, 0x0000000100000000)
  region size 1024K, 157 young (160768K), 11 survivors (11264K)
 Metaspace       used 112145K, capacity 115229K, committed 115452K, reserved 1148928K
  class space    used 14177K, capacity 15232K, committed 15232K, reserved 1048576K
}
Event: 189.751 GC heap after
{Heap after GC invocations=73 (full 0):
 garbage-first heap   total 395264K, used 183117K [0x0000000080000000, 0x0000000100000000)
  region size 1024K, 18 young (18432K), 18 survivors (18432K)
 Metaspace       used 112145K, capacity 115229K, committed 115452K, reserved 1148928K
  class space    used 14177K, capacity 15232K, committed 15232K, reserved 1048576K
}
Event: 193.755 GC heap before
{Heap before GC invocations=73 (full 0):
 garbage-first heap   total 395264K, used 326477K [0x0000000080000000, 0x0000000100000000)
  region size 1024K, 159 young (162816K), 18 survivors (18432K)
 Metaspace       used 115627K, capacity 118846K, committed 119164K, reserved 1153024K
  class space    used 14607K, capacity 15753K, committed 15872K, reserved 1048576K
}
Event: 193.781 GC heap after
{Heap after GC invocations=74 (full 0):
 garbage-first heap   total 395264K, used 195358K [0x0000000080000000, 0x0000000100000000)
  region size 1024K, 20 young (20480K), 20 survivors (20480K)
 Metaspace       used 115627K, capacity 118846K, committed 119164K, reserved 1153024K
  class space    used 14607K, capacity 15753K, committed 15872K, reserved 1048576K
}
Event: 207.460 GC heap before
{Heap before GC invocations=74 (full 0):
 garbage-first heap   total 395264K, used 329502K [0x0000000080000000, 0x0000000100000000)
  region size 1024K, 150 young (153600K), 20 survivors (20480K)
 Metaspace       used 119927K, capacity 123445K, committed 123644K, reserved 1157120K
  class space    used 15158K, capacity 16386K, committed 16512K, reserved 1048576K
}
Event: 207.484 GC heap after
{Heap after GC invocations=75 (full 0):
 garbage-first heap   total 395264K, used 207086K [0x0000000080000000, 0x0000000100000000)
  region size 1024K, 12 young (12288K), 12 survivors (12288K)
 Metaspace       used 119927K, capacity 123445K, committed 123644K, reserved 1157120K
  class space    used 15158K, capacity 16386K, committed 16512K, reserved 1048576K
}
Event: 209.310 GC heap before
{Heap before GC invocations=75 (full 0):
 garbage-first heap   total 395264K, used 327918K [0x0000000080000000, 0x0000000100000000)
  region size 1024K, 131 young (134144K), 12 survivors (12288K)
 Metaspace       used 131908K, capacity 136171K, committed 136316K, reserved 1167360K
  class space    used 16822K, capacity 18422K, committed 18432K, reserved 1048576K
}
Event: 209.335 GC heap after
{Heap after GC invocations=76 (full 0):
 garbage-first heap   total 395264K, used 217600K [0x0000000080000000, 0x0000000100000000)
  region size 1024K, 11 young (11264K), 11 survivors (11264K)
 Metaspace       used 131908K, capacity 136171K, committed 136316K, reserved 1167360K
  class space    used 16822K, capacity 18422K, committed 18432K, reserved 1048576K
}
Event: 211.982 GC heap before
{Heap before GC invocations=77 (full 0):
 garbage-first heap   total 395264K, used 327168K [0x0000000080000000, 0x0000000100000000)
  region size 1024K, 121 young (123904K), 11 survivors (11264K)
 Metaspace       used 134541K, capacity 139169K, committed 139388K, reserved 1169408K
  class space    used 17164K, capacity 18902K, committed 18944K, reserved 1048576K
}
Event: 211.999 GC heap after
{Heap after GC invocations=78 (full 0):
 garbage-first heap   total 395264K, used 209920K [0x0000000080000000, 0x0000000100000000)
  region size 1024K, 3 young (3072K), 3 survivors (3072K)
 Metaspace       used 134541K, capacity 139169K, committed 139388K, reserved 1169408K
  class space    used 17164K, capacity 18902K, committed 18944K, reserved 1048576K
}
Event: 212.135 GC heap before
{Heap before GC invocations=78 (full 0):
 garbage-first heap   total 395264K, used 225280K [0x0000000080000000, 0x0000000100000000)
  region size 1024K, 19 young (19456K), 3 survivors (3072K)
 Metaspace       used 134754K, capacity 139431K, committed 139644K, reserved 1169408K
  class space    used 17176K, capacity 18919K, committed 18944K, reserved 1048576K
}
Event: 212.143 GC heap after
{Heap after GC invocations=79 (full 0):
 garbage-first heap   total 395264K, used 200575K [0x0000000080000000, 0x0000000100000000)
  region size 1024K, 3 young (3072K), 3 survivors (3072K)
 Metaspace       used 134754K, capacity 139431K, committed 139644K, reserved 1169408K
  class space    used 17176K, capacity 18919K, committed 18944K, reserved 1048576K
}
Event: 241.441 GC heap before
{Heap before GC invocations=79 (full 0):
 garbage-first heap   total 395264K, used 336767K [0x0000000080000000, 0x0000000100000000)
  region size 1024K, 127 young (130048K), 3 survivors (3072K)
 Metaspace       used 138808K, capacity 143600K, committed 143868K, reserved 1173504K
  class space    used 17687K, capacity 19482K, committed 19584K, reserved 1048576K
}
Event: 241.472 GC heap after
{Heap after GC invocations=80 (full 0):
 garbage-first heap   total 395264K, used 209001K [0x0000000080000000, 0x0000000100000000)
  region size 1024K, 11 young (11264K), 11 survivors (11264K)
 Metaspace       used 138808K, capacity 143600K, committed 143868K, reserved 1173504K
  class space    used 17687K, capacity 19482K, committed 19584K, reserved 1048576K
}
Event: 2451.020 GC heap before
{Heap before GC invocations=81 (full 0):
 garbage-first heap   total 395264K, used 285801K [0x0000000080000000, 0x0000000100000000)
  region size 1024K, 87 young (89088K), 11 survivors (11264K)
 Metaspace       used 139018K, capacity 143755K, committed 144636K, reserved 1175552K
  class space    used 17560K, capacity 19249K, committed 19584K, reserved 1048576K
}
Event: 2451.126 GC heap after
{Heap after GC invocations=82 (full 0):
 garbage-first heap   total 395264K, used 204681K [0x0000000080000000, 0x0000000100000000)
  region size 1024K, 2 young (2048K), 2 survivors (2048K)
 Metaspace       used 139018K, capacity 143755K, committed 144636K, reserved 1175552K
  class space    used 17560K, capacity 19249K, committed 19584K, reserved 1048576K
}
Event: 3330.841 GC heap before
{Heap before GC invocations=82 (full 0):
 garbage-first heap   total 395264K, used 222089K [0x0000000080000000, 0x0000000100000000)
  region size 1024K, 19 young (19456K), 2 survivors (2048K)
 Metaspace       used 139044K, capacity 143819K, committed 144636K, reserved 1175552K
  class space    used 17560K, capacity 19249K, committed 19584K, reserved 1048576K
}
Event: 3330.923 GC heap after
{Heap after GC invocations=83 (full 0):
 garbage-first heap   total 395264K, used 201432K [0x0000000080000000, 0x0000000100000000)
  region size 1024K, 1 young (1024K), 1 survivors (1024K)
 Metaspace       used 139044K, capacity 143819K, committed 144636K, reserved 1175552K
  class space    used 17560K, capacity 19249K, committed 19584K, reserved 1048576K
}

